<?xml version="1.0" encoding="UTF-8"?>
<!-- Generated by org.testng.reporters.JUnitReportReporter -->
<testsuite skipped="1" hostname="DESKTOP-IUDJ2E3" name="com.cucumber.dblogging.ResultLogging.stepdefs.TestRunner" tests="2" failures="0" timestamp="24 Jul 2018 16:54:35 GMT" time="19.313" errors="0">
  <testcase name="scenario" time="0.015" classname="com.cucumber.dblogging.ResultLogging.stepdefs.TestRunner">
    <skipped/>
  </testcase> <!-- scenario -->
  <testcase name="scenario" time="19.298" classname="com.cucumber.dblogging.ResultLogging.stepdefs.TestRunner"/>
</testsuite> <!-- com.cucumber.dblogging.ResultLogging.stepdefs.TestRunner -->
